Thu Dec 07 2017 11:56:51 GMT+0530 (IST): GET /
Thu Dec 07 2017 11:56:53 GMT+0530 (IST): GET /about
Thu Dec 07 2017 11:56:54 GMT+0530 (IST): GET /
Thu Dec 07 2017 11:56:55 GMT+0530 (IST): GET /about
Fri Dec 08 2017 21:27:16 GMT+0530 (IST): GET /
Fri Dec 08 2017 21:27:42 GMT+0530 (IST): GET /about
Fri Dec 08 2017 21:27:44 GMT+0530 (IST): GET /
Fri Dec 08 2017 21:27:45 GMT+0530 (IST): GET /about
Fri Dec 08 2017 21:27:46 GMT+0530 (IST): GET /
Fri Dec 08 2017 21:27:48 GMT+0530 (IST): GET /about
Fri Dec 08 2017 21:27:50 GMT+0530 (IST): GET /
Fri Dec 08 2017 21:40:39 GMT+0530 (IST): GET /
Fri Dec 08 2017 21:41:08 GMT+0530 (IST): GET /
Fri Dec 08 2017 21:46:40 GMT+0530 (IST): GET /help.html
Fri Dec 08 2017 21:46:44 GMT+0530 (IST): GET /
Fri Dec 08 2017 21:46:58 GMT+0530 (IST): GET /
Fri Dec 08 2017 21:47:00 GMT+0530 (IST): GET /about
Fri Dec 08 2017 21:47:01 GMT+0530 (IST): GET /
Fri Dec 08 2017 22:43:23 GMT+0530 (IST): GET /
Fri Dec 08 2017 22:43:43 GMT+0530 (IST): GET /
Fri Dec 08 2017 22:43:45 GMT+0530 (IST): GET /projects
Fri Dec 08 2017 22:43:47 GMT+0530 (IST): GET /about
Fri Dec 08 2017 22:43:48 GMT+0530 (IST): GET /
Fri Dec 08 2017 22:43:49 GMT+0530 (IST): GET /projects
